<?xml version="1.0" encoding="utf-8"?><testsuites name="pytest tests"><testsuite name="pytest" errors="0" failures="0" skipped="0" tests="7" time="9.070" timestamp="2026-09-05T09:33:11.528049+00:00" hostname="agent-env-75f18455-094c-43ff-b9cd-c22d941bade9"><testcase classname="tests.backend_test" name="test_events_crud" time="0.401" /><testcase classname="tests.backend_test" name="test_reminders_flow" time="0.342" /><testcase classname="tests.backend_test" name="test_weather_ankara" time="0.371" /><testcase classname="tests.backend_test" name="test_weather_not_found" time="0.167" /><testcase classname="tests.backend_test" name="test_translate_tr_to_en" time="2.940" /><testcase classname="tests.backend_test" name="test_panel_command_calendar" time="2.211" /><testcase classname="tests.backend_test" name="test_panel_command_reminders" time="2.003" /></testsuite></testsuites>