<?xml version="1.0" encoding="utf-8"?><testsuites name="pytest tests"><testsuite name="pytest" errors="0" failures="0" skipped="0" tests="26" time="30.414" timestamp="2026-09-05T09:33:26.369895+00:00" hostname="agent-env-75f18455-094c-43ff-b9cd-c22d941bade9"><testcase classname="tests.backend_test" name="test_health" time="0.094" /><testcase classname="tests.backend_test" name="test_diagnostics" time="0.082" /><testcase classname="tests.backend_test" name="test_chat_turkish" time="3.548" /><testcase classname="tests.backend_test" name="test_chat_stream_sse" time="1.944" /><testcase classname="tests.backend_test" name="test_sessions_flow" time="0.323" /><testcase classname="tests.backend_test" name="test_notes_crud" time="0.530" /><testcase classname="tests.backend_test" name="test_approvals_flow" time="0.456" /><testcase classname="tests.backend_test" name="test_checkpoints_flow" time="0.331" /><testcase classname="tests.backend_test" name="test_admin_llm_no_api_key" time="0.158" /><testcase classname="tests.backend_test" name="test_council_flow" time="0.429" /><testcase classname="tests.backend_test" name="test_ui_actions" time="0.227" /><testcase classname="tests.backend_test" name="test_coding_disabled" time="0.076" /><testcase classname="tests.backend_test" name="test_memory" time="0.137" /><testcase classname="tests.backend_test" name="test_insight" time="0.085" /><testcase classname="tests.backend_test" name="test_panel_command_notes" time="2.696" /><testcase classname="tests.backend_test" name="test_panel_command_memory" time="2.029" /><testcase classname="tests.backend_test" name="test_panel_command_checkpoints" time="1.949" /><testcase classname="tests.backend_test" name="test_panel_command_approvals" time="2.250" /><testcase classname="tests.backend_test" name="test_panel_command_invalid_panel_422" time="0.071" /><testcase classname="tests.backend_test" name="test_events_crud" time="0.406" /><testcase classname="tests.backend_test" name="test_reminders_flow" time="0.268" /><testcase classname="tests.backend_test" name="test_weather_ankara" time="0.326" /><testcase classname="tests.backend_test" name="test_weather_not_found" time="0.184" /><testcase classname="tests.backend_test" name="test_translate_tr_to_en" time="1.382" /><testcase classname="tests.backend_test" name="test_panel_command_calendar" time="6.504" /><testcase classname="tests.backend_test" name="test_panel_command_reminders" time="3.358" /></testsuite></testsuites>