<?xml version="1.0" encoding="utf-8"?><testsuites name="pytest tests"><testsuite name="pytest" errors="0" failures="0" skipped="0" tests="5" time="11.157" timestamp="2026-09-05T09:18:58.787530+00:00" hostname="agent-env-75f18455-094c-43ff-b9cd-c22d941bade9"><testcase classname="tests.backend_test" name="test_panel_command_notes" time="4.144" /><testcase classname="tests.backend_test" name="test_panel_command_memory" time="1.959" /><testcase classname="tests.backend_test" name="test_panel_command_checkpoints" time="2.153" /><testcase classname="tests.backend_test" name="test_panel_command_approvals" time="2.239" /><testcase classname="tests.backend_test" name="test_panel_command_invalid_panel_422" time="0.078" /></testsuite></testsuites>